
Showing logs for build [32mjenkins-x-jxr-versions-pr-18-va-fbpvz-2[0m stage [32mci[0m and container [32mstep-credential-initializer-82xq5[0m
{"level":"warn","ts":1587399735.0068903,"logger":"fallback-logger","caller":"logging/config.go:69","msg":"Fetch GitHub commit ID from kodata failed: \"ref: refs/heads/0.8.0-**-support-backwards-incompats\" is not a valid GitHub commit ID"}
{"level":"info","ts":1587399735.0078344,"logger":"fallback-logger","caller":"creds-init/main.go:40","msg":"Credentials initialized."}

Showing logs for build [32mjenkins-x-jxr-versions-pr-18-va-fbpvz-2[0m stage [32mci[0m and container [32mstep-working-dir-initializer-z797l[0m
{"level":"warn","ts":1587399735.672507,"logger":"fallback-logger","caller":"logging/config.go:69","msg":"Fetch GitHub commit ID from kodata failed: open /var/run/ko/HEAD: no such file or directory"}
{"level":"info","ts":1587399735.6736493,"logger":"fallback-logger","caller":"bash/main.go:64","msg":"Successfully executed command \"sh -c mkdir -p /workspace/source\"; output "}

Showing logs for build [32mjenkins-x-jxr-versions-pr-18-va-fbpvz-2[0m stage [32mci[0m and container [32mstep-place-tools[0m

Showing logs for build [32mjenkins-x-jxr-versions-pr-18-va-fbpvz-2[0m stage [32mci[0m and container [32mstep-git-source-jenkins-x-jxr-versions-pr-18-va-fbpvz-wqrqn[0m
{"level":"warn","ts":1587399832.94483,"logger":"fallback-logger","caller":"logging/config.go:69","msg":"Fetch GitHub commit ID from kodata failed: \"ref: refs/heads/0.8.0-**-support-backwards-incompats\" is not a valid GitHub commit ID"}
{"level":"info","ts":1587399834.213272,"logger":"fallback-logger","caller":"git/git.go:103","msg":"Successfully cloned https://github.com/jenkins-x/**r-versions.git @ master in path /workspace/source"}

Showing logs for build [32mjenkins-x-jxr-versions-pr-18-va-fbpvz-2[0m stage [32mci[0m and container [32mstep-git-merge[0m
Using SHAs from PULL_REFS=master:777b37118611991dea794e28c30ca34c66432d9a,18:bcad4de2d88cc89f7de7901590d0ec9b6964242e
DEBUG: LC_ALL=C JX_LOG_LEVEL=error git fetch origin --unshallow bcad4de2d88cc89f7de7901590d0ec9b6964242e: 777b37118611991dea794e28c30ca34c66432d9a:
DEBUG: ran git fetch --unshallow origin bcad4de2d88cc89f7de7901590d0ec9b6964242e: 777b37118611991dea794e28c30ca34c66432d9a: in 
DEBUG: LC_ALL=C JX_LOG_LEVEL=error git branch
DEBUG: LC_ALL=C JX_LOG_LEVEL=error git checkout master
DEBUG: ran git checkout master in 
DEBUG: LC_ALL=C JX_LOG_LEVEL=error git reset --hard 777b37118611991dea794e28c30ca34c66432d9a
DEBUG: ran git reset --hard 777b37118611991dea794e28c30ca34c66432d9a in 
DEBUG: LC_ALL=C JX_LOG_LEVEL=error git clean -fd .
DEBUG: ran clean --force -d . in 
DEBUG: LC_ALL=C JX_LOG_LEVEL=error git merge bcad4de2d88cc89f7de7901590d0ec9b6964242e
DEBUG: ran git merge bcad4de2d88cc89f7de7901590d0ec9b6964242e in 
DEBUG: LC_ALL=C JX_LOG_LEVEL=error git log --format=%H%x1f%an%x1f%ae%x1f%cn%x1f%ce%x1f%s%n%b%x1e 777b37118611991dea794e28c30ca34c66432d9a..HEAD
Merged SHA bcad4de2d88cc89f7de7901590d0ec9b6964242e with commit message 'chore(deps): bump https://github.com/jenkins-x/**l from 0.0.27 to 0.0.30' into base branch master
Merged SHA 5a5c900ed0e33a579d226f7709788ccfb2a215eb with commit message 'chore(deps): bump https://github.com/jenkins-x/**l from 0.0.27 to 0.0.30' into base branch master
Merged SHA 46a7c02cca256651ee9976e96c63a524d3efe874 with commit message 'chore(deps): bump https://github.com/jenkins-x/**l from 0.0.27 to 0.0.30' into base branch master

Showing logs for build [32mjenkins-x-jxr-versions-pr-18-va-fbpvz-2[0m stage [32mci[0m and container [32mstep-runci[0m
+ JX_HOME=/tmp/**home
+ KUBECONFIG=/tmp/**home/config
+ export XDG_CONFIG_HOME=/tmp/**home
+ XDG_CONFIG_HOME=/tmp/**home
+ mkdir -p /tmp/**home/git
+ ** --version
2.1.2-dev+efa1806bd
+ export GH_USERNAME=******************
+ GH_USERNAME=******************
+ export GH_EMAIL=jenkins-x@googlegroups.com
+ GH_EMAIL=jenkins-x@googlegroups.com
+ export GH_OWNER=cb-kubecd
+ GH_OWNER=cb-kubecd
+ export CLUSTER_NAME=pr-18-2-bdd-vault
+ CLUSTER_NAME=pr-18-2-bdd-vault
+ export PROJECT_ID=jenkins-x-labs-bdd
+ PROJECT_ID=jenkins-x-labs-bdd
++ date +%a-%b-%d-%Y-%H-%M-%S
+ export CREATED_TIME=Mon-Apr-20-2020-16-23-58
+ CREATED_TIME=Mon-Apr-20-2020-16-23-58
+ export ZONE=europe-west1-c
+ ZONE=europe-west1-c
+ export LABELS=branch=pr-18,cluster=bdd-vault,create-time=mon-apr-20-2020-16-23-58
+ LABELS=branch=pr-18,cluster=bdd-vault,create-time=mon-apr-20-2020-16-23-58
+ git config --global --add user.name JenkinsXBot
+ git config --global --add user.email jenkins-x@googlegroups.com
running the BDD test with JX_HOME = /tmp/**home
+ echo 'running the BDD test with JX_HOME = /tmp/**home'
creating cluster pr-18-2-bdd-vault in project jenkins-x-labs-bdd with labels branch=pr-18,cluster=bdd-vault,create-time=mon-apr-20-2020-16-23-58
+ echo https://******************:****************************************@github.com
+ echo 'creating cluster pr-18-2-bdd-vault in project jenkins-x-labs-bdd with labels branch=pr-18,cluster=bdd-vault,create-time=mon-apr-20-2020-16-23-58'
++ grep 'version: ' /workspace/source/git/github.com/jenkins-x-labs/cloud-resources.yml
++ awk '{ print $2}'
found cloud-resources version 0.0.26
+ export CLOUD_RESOURCES_VERSION=0.0.26
+ CLOUD_RESOURCES_VERSION=0.0.26
+ echo 'found cloud-resources version 0.0.26'
+ git clone -b v0.0.26 https://github.com/jenkins-x-labs/cloud-resources.git
Cloning into 'cloud-resources'...
Note: checking out 'ecc10421f2d5171b83e97566ba1de5ce7c483b9a'.

You are in 'detached HEAD' state. You can look around, make experimental
changes and commit them, and you can discard any commits you make in this
state without impacting any branches by performing another checkout.

If you want to create a new branch to retain commits you create, you may
do so (now or later) by using -b with the checkout command again. Example:

  git checkout -b <new-branch-name>

+ cloud-resources/gcloud/create_cluster.sh
creating a new cluster pr-18-2-bdd-vault in project jenkins-x-labs-bdd and region europe-west1-c
WARNING: Currently VPC-native is not the default mode during cluster creation. In the future, this will become the default mode and can be disabled using `--no-enable-ip-alias` flag. Use `--[no-]enable-ip-alias` flag to suppress this warning.
WARNING: Newly created clusters and node-pools will have node auto-upgrade enabled by default. This can be disabled using the `--no-enable-autoupgrade` flag.
WARNING: Starting with version 1.18, clusters will have shielded GKE nodes by default.
WARNING: Your Pod address range (`--cluster-ipv4-cidr`) can accommodate at most 1008 node(s). 
This will enable the autorepair feature for nodes. Please see https://cloud.google.com/kubernetes-engine/docs/node-auto-repair for more information on node autorepairs.
Creating cluster pr-18-2-bdd-vault in europe-west1-c...
...........................................................................................................................................................................................................................................................................................................................................................................................................................................................................................................................................................................................................................................................................................................................................................................................................done.
Created [https://container.googleapis.com/v1beta1/projects/jenkins-x-labs-bdd/zones/europe-west1-c/clusters/pr-18-2-bdd-vault].
To inspect the contents of your cluster, go to: https://console.cloud.google.com/kubernetes/workload_/gcloud/europe-west1-c/pr-18-2-bdd-vault?project=jenkins-x-labs-bdd
kubeconfig entry generated for pr-18-2-bdd-vault.
NAME               LOCATION        MASTER_VERSION  MASTER_IP     MACHINE_TYPE   NODE_VERSION    NUM_NODES  STATUS
pr-18-2-bdd-vault  europe-west1-c  1.14.10-gke.27  34.76.205.80  n1-standard-4  1.14.10-gke.27  2          RUNNING
setting up the cloud resources for ecluster pr-18-2-bdd-vault in project jenkins-x-labs-bdd
Updated property [core/project].
Created service account [pr-18-2-bdd-vault-ex].
Created service account [pr-18-2-bdd-vault-jb].
ERROR: (gcloud.iam.service-accounts.create) RESOURCE_EXHAUSTED: Maximum number of service accounts on project reached.
- '@type': type.googleapis.com/google.rpc.RetryInfo
  retryDelay: 86401s
[31m
Pipeline failed on stage 'ci' : container 'step-runci'. The execution of the pipeline has stopped.[0m
