
Showing logs for build [32mjenkins-x-jxr-versions-master-jkm97-2[0m stage [32mchangelog[0m and container [32mstep-credential-initializer-x54ts[0m
{"level":"warn","ts":1587146374.5717087,"logger":"fallback-logger","caller":"logging/config.go:69","msg":"Fetch GitHub commit ID from kodata failed: \"ref: refs/heads/0.8.0-**-support-backwards-incompats\" is not a valid GitHub commit ID"}
{"level":"info","ts":1587146374.5731816,"logger":"fallback-logger","caller":"creds-init/main.go:40","msg":"Credentials initialized."}

Showing logs for build [32mjenkins-x-jxr-versions-master-jkm97-2[0m stage [32mchangelog[0m and container [32mstep-working-dir-initializer-ptskg[0m
{"level":"warn","ts":1587146380.685951,"logger":"fallback-logger","caller":"logging/config.go:69","msg":"Fetch GitHub commit ID from kodata failed: open /var/run/ko/HEAD: no such file or directory"}
{"level":"info","ts":1587146380.7161999,"logger":"fallback-logger","caller":"bash/main.go:64","msg":"Successfully executed command \"sh -c mkdir -p /workspace/source\"; output "}

Showing logs for build [32mjenkins-x-jxr-versions-master-jkm97-2[0m stage [32mchangelog[0m and container [32mstep-place-tools[0m

Showing logs for build [32mjenkins-x-jxr-versions-master-jkm97-2[0m stage [32mchangelog[0m and container [32mstep-git-source-jenkins-x-jxr-versions-master-jkm97-t9mqb[0m
{"level":"warn","ts":1587147028.3480256,"logger":"fallback-logger","caller":"logging/config.go:69","msg":"Fetch GitHub commit ID from kodata failed: \"ref: refs/heads/0.8.0-**-support-backwards-incompats\" is not a valid GitHub commit ID"}
{"level":"info","ts":1587147031.285155,"logger":"fallback-logger","caller":"git/git.go:103","msg":"Successfully cloned https://github.com/jenkins-x/**r-versions.git @ v0.0.1 in path /workspace/source"}

Showing logs for build [32mjenkins-x-jxr-versions-master-jkm97-2[0m stage [32mchangelog[0m and container [32mstep-git-merge[0m
Using SHAs from PULL_REFS=master:40a83b8809138127b9ac7e83f3cbf53ca7245abb
WARNING: no SHAs to merge, falling back to initial cloned commit

Showing logs for build [32mjenkins-x-jxr-versions-master-jkm97-2[0m stage [32mchangelog[0m and container [32mstep-get-jx-prerelease-state[0m

Showing logs for build [32mjenkins-x-jxr-versions-master-jkm97-2[0m stage [32mchangelog[0m and container [32mstep-changelog[0m
Converted /workspace/source to an unshallow repository
no previous commit version found so change diff unavailable

Showing logs for build [32mjenkins-x-jxr-versions-master-jkm97-2[0m stage [32mchangelog[0m and container [32mstep-release-jx[0m
+ export GH_OWNER=jenkins-x
+ GH_OWNER=jenkins-x
+ export GH_REPO=**
+ GH_REPO=**
++ sed 's:^.*jenkins-x\/**.*\[\([0-9.]*\)\].*$:\1:;t;d' ./dependency-matrix/matrix.md
+ export JX_VERSION=2.0.1245
+ JX_VERSION=2.0.1245
+ [[ 2.0.1245 =~ ^[0-9]*\.[0-9]*\.[0-9]*$ ]]
+ ** step update release-status github --owner jenkins-x --repository ** --version 2.0.1245 --prerelease=false
error: PATCH https://api.github.com/repos/jenkins-x/**/releases/24633003: 404 Not Found []
[31m
Pipeline failed on stage 'changelog' : container 'step-release-jx'. The execution of the pipeline has stopped.[0m
