
Showing logs for build [32mjenkins-x-jxr-versions-master-jkt4k-8[0m stage [32mchangelog[0m and container [32mstep-credential-initializer-hsnw5[0m
{"level":"warn","ts":1587394561.337519,"logger":"fallback-logger","caller":"logging/config.go:69","msg":"Fetch GitHub commit ID from kodata failed: \"ref: refs/heads/0.8.0-**-support-backwards-incompats\" is not a valid GitHub commit ID"}
{"level":"info","ts":1587394561.339232,"logger":"fallback-logger","caller":"creds-init/main.go:40","msg":"Credentials initialized."}

Showing logs for build [32mjenkins-x-jxr-versions-master-jkt4k-8[0m stage [32mchangelog[0m and container [32mstep-working-dir-initializer-cmtqc[0m
{"level":"warn","ts":1587394562.657185,"logger":"fallback-logger","caller":"logging/config.go:69","msg":"Fetch GitHub commit ID from kodata failed: open /var/run/ko/HEAD: no such file or directory"}
{"level":"info","ts":1587394562.6743248,"logger":"fallback-logger","caller":"bash/main.go:64","msg":"Successfully executed command \"sh -c mkdir -p /workspace/source\"; output "}

Showing logs for build [32mjenkins-x-jxr-versions-master-jkt4k-8[0m stage [32mchangelog[0m and container [32mstep-place-tools[0m

Showing logs for build [32mjenkins-x-jxr-versions-master-jkt4k-8[0m stage [32mchangelog[0m and container [32mstep-git-source-jenkins-x-jxr-versions-master-jkt4k-6bbq4[0m
{"level":"warn","ts":1587394568.8748887,"logger":"fallback-logger","caller":"logging/config.go:69","msg":"Fetch GitHub commit ID from kodata failed: \"ref: refs/heads/0.8.0-**-support-backwards-incompats\" is not a valid GitHub commit ID"}
{"level":"info","ts":1587394570.147031,"logger":"fallback-logger","caller":"git/git.go:103","msg":"Successfully cloned https://github.com/jenkins-x/**r-versions.git @ v0.0.7 in path /workspace/source"}

Showing logs for build [32mjenkins-x-jxr-versions-master-jkt4k-8[0m stage [32mchangelog[0m and container [32mstep-git-merge[0m
Using SHAs from PULL_REFS=master:2f88b893bc007c14ecf3e6dd202e6097f9ab6f12
WARNING: no SHAs to merge, falling back to initial cloned commit

Showing logs for build [32mjenkins-x-jxr-versions-master-jkt4k-8[0m stage [32mchangelog[0m and container [32mstep-get-jx-prerelease-state[0m

Showing logs for build [32mjenkins-x-jxr-versions-master-jkt4k-8[0m stage [32mchangelog[0m and container [32mstep-changelog[0m
Converted /workspace/source to an unshallow repository
DEBUG: Using helmBinary helm with feature flag: template-mode
Generating change log from git ref bfc03d2397ac6ba1c913fc4605bec716a007e80a => v0.0.7
DEBUG: merging pipeline secrets with local secrets
DEBUG: merging pipeline secrets with local secrets
WARNING: failed to find git commits between revision bfc03d2397ac6ba1c913fc4605bec716a007e80a and v0.0.7 due to: object not found
DEBUG: Found commits:
DEBUG: Generated release notes:


WARNING: No release found for jenkins-x/**r-versions and tag v0.0.7 so creating a new release
Updated the release information at https://github.com/jenkins-x/**r-versions/releases/tag/v0.0.7
Uploaded /workspace/source/dependency-matrix/matrix.yaml to release asset https://github.com/jenkins-x/**r-versions/releases/download/v0.0.7/dependency-matrix.yaml
generated: /workspace/source/templates/release.yaml
Created Release **r-versions-0-0-7 resource in namespace **
Updating PipelineActivity jenkins-x-**r-versions-master-8 with version 0.0.7
Updated PipelineActivities jenkins-x-**r-versions-master-8 with release notes URL: https://github.com/jenkins-x/**r-versions/releases/tag/v0.0.7

Showing logs for build [32mjenkins-x-jxr-versions-master-jkt4k-8[0m stage [32mchangelog[0m and container [32mstep-release-jx[0m
+ export GH_OWNER=jenkins-x
+ GH_OWNER=jenkins-x
+ export GH_REPO=**
+ GH_REPO=**
++ sed 's:^.*jenkins-x\/**.*\[\([0-9.]*\)\].*$:\1:;t;d' ./dependency-matrix/matrix.md
+ export 'JX_VERSION=2.0.1245
0.0.27'
+ JX_VERSION='2.0.1245
0.0.27'
+ [[ 2.0.1245
0.0.27 =~ ^[0-9]*\.[0-9]*\.[0-9]*$ ]]

Showing logs for build [32mjenkins-x-jxr-versions-master-jkt4k-8[0m stage [32mchangelog[0m and container [32mstep-update-jx-bot[0m
cat: is_**_prerelease.bool: No such file or directory

Showing logs for build [32mjenkins-x-jxr-versions-master-jkt4k-8[0m stage [32mchangelog[0m and container [32mstep-update-jx-website[0m
cat: is_**_prerelease.bool: No such file or directory
