
Showing logs for build [32mjenkins-x-jxr-versions-pr-12-gk-wvhlr-1[0m stage [32mci[0m and container [32mstep-credential-initializer-954xb[0m
{"level":"warn","ts":1587385826.6004229,"logger":"fallback-logger","caller":"logging/config.go:69","msg":"Fetch GitHub commit ID from kodata failed: \"ref: refs/heads/0.8.0-**-support-backwards-incompats\" is not a valid GitHub commit ID"}
{"level":"info","ts":1587385826.60089,"logger":"fallback-logger","caller":"creds-init/main.go:40","msg":"Credentials initialized."}

Showing logs for build [32mjenkins-x-jxr-versions-pr-12-gk-wvhlr-1[0m stage [32mci[0m and container [32mstep-working-dir-initializer-7zfvs[0m
{"level":"warn","ts":1587385828.0476918,"logger":"fallback-logger","caller":"logging/config.go:69","msg":"Fetch GitHub commit ID from kodata failed: open /var/run/ko/HEAD: no such file or directory"}
{"level":"info","ts":1587385828.0613976,"logger":"fallback-logger","caller":"bash/main.go:64","msg":"Successfully executed command \"sh -c mkdir -p /workspace/source\"; output "}

Showing logs for build [32mjenkins-x-jxr-versions-pr-12-gk-wvhlr-1[0m stage [32mci[0m and container [32mstep-place-tools[0m

Showing logs for build [32mjenkins-x-jxr-versions-pr-12-gk-wvhlr-1[0m stage [32mci[0m and container [32mstep-git-source-jenkins-x-jxr-versions-pr-12-gk-wvhlr-zgv5c[0m
{"level":"warn","ts":1587385832.262382,"logger":"fallback-logger","caller":"logging/config.go:69","msg":"Fetch GitHub commit ID from kodata failed: \"ref: refs/heads/0.8.0-**-support-backwards-incompats\" is not a valid GitHub commit ID"}
{"level":"info","ts":1587385833.6064456,"logger":"fallback-logger","caller":"git/git.go:103","msg":"Successfully cloned https://github.com/jenkins-x/**r-versions.git @ master in path /workspace/source"}

Showing logs for build [32mjenkins-x-jxr-versions-pr-12-gk-wvhlr-1[0m stage [32mci[0m and container [32mstep-git-merge[0m
Using SHAs from PULL_REFS=master:5d2130e259c29c8e7d0142979774cc02803334d9,12:63a4477c16d689c9277f058ff445771831af94ce
DEBUG: LC_ALL=C JX_LOG_LEVEL=error git fetch origin --unshallow 63a4477c16d689c9277f058ff445771831af94ce: 5d2130e259c29c8e7d0142979774cc02803334d9:
DEBUG: ran git fetch --unshallow origin 63a4477c16d689c9277f058ff445771831af94ce: 5d2130e259c29c8e7d0142979774cc02803334d9: in 
DEBUG: LC_ALL=C JX_LOG_LEVEL=error git branch
DEBUG: LC_ALL=C JX_LOG_LEVEL=error git checkout master
DEBUG: ran git checkout master in 
DEBUG: LC_ALL=C JX_LOG_LEVEL=error git reset --hard 5d2130e259c29c8e7d0142979774cc02803334d9
DEBUG: ran git reset --hard 5d2130e259c29c8e7d0142979774cc02803334d9 in 
DEBUG: LC_ALL=C JX_LOG_LEVEL=error git clean -fd .
DEBUG: ran clean --force -d . in 
DEBUG: LC_ALL=C JX_LOG_LEVEL=error git merge 63a4477c16d689c9277f058ff445771831af94ce
DEBUG: ran git merge 63a4477c16d689c9277f058ff445771831af94ce in 
DEBUG: LC_ALL=C JX_LOG_LEVEL=error git log --format=%H%x1f%an%x1f%ae%x1f%cn%x1f%ce%x1f%s%n%b%x1e 5d2130e259c29c8e7d0142979774cc02803334d9..HEAD
Merged SHA 63a4477c16d689c9277f058ff445771831af94ce with commit message 'chore(deps): bump https://github.com/jenkins-x-labs/helmboot from 0.0.23 to 0.0.24' into base branch master

Showing logs for build [32mjenkins-x-jxr-versions-pr-12-gk-wvhlr-1[0m stage [32mci[0m and container [32mstep-runci[0m
+ JX_HOME=/tmp/**home
+ KUBECONFIG=/tmp/**home/config
+ export XDG_CONFIG_HOME=/tmp/**home
+ XDG_CONFIG_HOME=/tmp/**home
+ mkdir -p /tmp/**home/git
+ ** --version
2.0.1286-dev+84af7a612
+ export GH_USERNAME=******************
+ GH_USERNAME=******************
+ export GH_EMAIL=jenkins-x@googlegroups.com
+ GH_EMAIL=jenkins-x@googlegroups.com
+ export GH_OWNER=cb-kubecd
+ GH_OWNER=cb-kubecd
+ export PROJECT_ID=jenkins-x-labs-bdd
+ PROJECT_ID=jenkins-x-labs-bdd
++ date +%a-%b-%d-%Y-%H-%M-%S
+ export CREATED_TIME=Mon-Apr-20-2020-12-30-39
+ CREATED_TIME=Mon-Apr-20-2020-12-30-39
+ export CLUSTER_NAME=pr-12-1-bdd-gke
+ CLUSTER_NAME=pr-12-1-bdd-gke
+ export ZONE=europe-west1-c
+ ZONE=europe-west1-c
+ export LABELS=branch=pr-12,cluster=bdd-gke,create-time=mon-apr-20-2020-12-30-39
+ LABELS=branch=pr-12,cluster=bdd-gke,create-time=mon-apr-20-2020-12-30-39
+ git config --global --add user.name JenkinsXBot
+ git config --global --add user.email jenkins-x@googlegroups.com
+ echo 'running the BDD test with JX_HOME = /tmp/**home'
running the BDD test with JX_HOME = /tmp/**home
+ echo https://******************:****************************************@github.com
+ echo 'creating cluster pr-12-1-bdd-gke in project jenkins-x-labs-bdd with labels branch=pr-12,cluster=bdd-gke,create-time=mon-apr-20-2020-12-30-39'
creating cluster pr-12-1-bdd-gke in project jenkins-x-labs-bdd with labels branch=pr-12,cluster=bdd-gke,create-time=mon-apr-20-2020-12-30-39
++ grep 'version: ' /workspace/source/git/github.com/jenkins-x-labs/cloud-resources.yml
++ awk '{ print $2}'
+ export CLOUD_RESOURCES_VERSION=0.0.24
+ CLOUD_RESOURCES_VERSION=0.0.24
+ echo 'found cloud-resources version 0.0.24'
+ git clone -b v0.0.24 https://github.com/jenkins-x-labs/cloud-resources.git
found cloud-resources version 0.0.24
Cloning into 'cloud-resources'...
Note: checking out 'f985b3c1025c3ccc8e3b3286d0252a3d0bb9207a'.

You are in 'detached HEAD' state. You can look around, make experimental
changes and commit them, and you can discard any commits you make in this
state without impacting any branches by performing another checkout.

If you want to create a new branch to retain commits you create, you may
do so (now or later) by using -b with the checkout command again. Example:

  git checkout -b <new-branch-name>

+ cloud-resources/gcloud/create_cluster.sh
creating a new cluster pr-12-1-bdd-gke in project jenkins-x-labs-bdd and region europe-west1-c
WARNING: Currently VPC-native is not the default mode during cluster creation. In the future, this will become the default mode and can be disabled using `--no-enable-ip-alias` flag. Use `--[no-]enable-ip-alias` flag to suppress this warning.
WARNING: Newly created clusters and node-pools will have node auto-upgrade enabled by default. This can be disabled using the `--no-enable-autoupgrade` flag.
WARNING: Starting with version 1.18, clusters will have shielded GKE nodes by default.
WARNING: Your Pod address range (`--cluster-ipv4-cidr`) can accommodate at most 1008 node(s). 
This will enable the autorepair feature for nodes. Please see https://cloud.google.com/kubernetes-engine/docs/node-auto-repair for more information on node autorepairs.
Creating cluster pr-12-1-bdd-gke in europe-west1-c...
...............................................................................................................................................................................................................................................................................................................................................................................................................................................................................................................................................................................................................................................................................................................................done.
Created [https://container.googleapis.com/v1beta1/projects/jenkins-x-labs-bdd/zones/europe-west1-c/clusters/pr-12-1-bdd-gke].
To inspect the contents of your cluster, go to: https://console.cloud.google.com/kubernetes/workload_/gcloud/europe-west1-c/pr-12-1-bdd-gke?project=jenkins-x-labs-bdd
kubeconfig entry generated for pr-12-1-bdd-gke.
NAME             LOCATION        MASTER_VERSION  MASTER_IP     MACHINE_TYPE   NODE_VERSION    NUM_NODES  STATUS
pr-12-1-bdd-gke  europe-west1-c  1.14.10-gke.27  35.187.99.61  n1-standard-4  1.14.10-gke.27  2          RUNNING
setting up the cloud resources for ecluster pr-12-1-bdd-gke in project jenkins-x-labs-bdd
Updated property [core/project].
Created service account [pr-12-1-bdd-gke-ex].
Created service account [pr-12-1-bdd-gke-jb].
ERROR: (gcloud.iam.service-accounts.create) RESOURCE_EXHAUSTED: Maximum number of service accounts on project reached.
- '@type': type.googleapis.com/google.rpc.RetryInfo
  retryDelay: 86401s
[31m
Pipeline failed on stage 'ci' : container 'step-runci'. The execution of the pipeline has stopped.[0m
