
Showing logs for build [32mjenkins-x-jxr-versions-pr-5-gke-4qkfd-11[0m stage [32mci[0m and container [32mstep-credential-initializer-nbszn[0m
{"level":"warn","ts":1587280033.4307132,"logger":"fallback-logger","caller":"logging/config.go:69","msg":"Fetch GitHub commit ID from kodata failed: \"ref: refs/heads/0.8.0-**-support-backwards-incompats\" is not a valid GitHub commit ID"}
{"level":"info","ts":1587280033.4312558,"logger":"fallback-logger","caller":"creds-init/main.go:40","msg":"Credentials initialized."}

Showing logs for build [32mjenkins-x-jxr-versions-pr-5-gke-4qkfd-11[0m stage [32mci[0m and container [32mstep-working-dir-initializer-w9nhz[0m
{"level":"warn","ts":1587280034.4839787,"logger":"fallback-logger","caller":"logging/config.go:69","msg":"Fetch GitHub commit ID from kodata failed: open /var/run/ko/HEAD: no such file or directory"}
{"level":"info","ts":1587280034.485045,"logger":"fallback-logger","caller":"bash/main.go:64","msg":"Successfully executed command \"sh -c mkdir -p /workspace/source\"; output "}

Showing logs for build [32mjenkins-x-jxr-versions-pr-5-gke-4qkfd-11[0m stage [32mci[0m and container [32mstep-place-tools[0m

Showing logs for build [32mjenkins-x-jxr-versions-pr-5-gke-4qkfd-11[0m stage [32mci[0m and container [32mstep-git-source-jenkins-x-jxr-versions-pr-5-gke-4qkfd-7nk4d[0m
{"level":"warn","ts":1587280045.6237671,"logger":"fallback-logger","caller":"logging/config.go:69","msg":"Fetch GitHub commit ID from kodata failed: \"ref: refs/heads/0.8.0-**-support-backwards-incompats\" is not a valid GitHub commit ID"}
{"level":"info","ts":1587280046.7852046,"logger":"fallback-logger","caller":"git/git.go:103","msg":"Successfully cloned https://github.com/jenkins-x/**r-versions.git @ master in path /workspace/source"}

Showing logs for build [32mjenkins-x-jxr-versions-pr-5-gke-4qkfd-11[0m stage [32mci[0m and container [32mstep-git-merge[0m
Using SHAs from PULL_REFS=master:40a83b8809138127b9ac7e83f3cbf53ca7245abb,5:47f24e782c59ad6a8e6ffda202cc40f849dbdc01
DEBUG: LC_ALL=C JX_LOG_LEVEL=error git fetch origin --unshallow 47f24e782c59ad6a8e6ffda202cc40f849dbdc01: 40a83b8809138127b9ac7e83f3cbf53ca7245abb:
DEBUG: ran git fetch --unshallow origin 47f24e782c59ad6a8e6ffda202cc40f849dbdc01: 40a83b8809138127b9ac7e83f3cbf53ca7245abb: in 
DEBUG: LC_ALL=C JX_LOG_LEVEL=error git branch
DEBUG: LC_ALL=C JX_LOG_LEVEL=error git checkout master
DEBUG: ran git checkout master in 
DEBUG: LC_ALL=C JX_LOG_LEVEL=error git reset --hard 40a83b8809138127b9ac7e83f3cbf53ca7245abb
DEBUG: ran git reset --hard 40a83b8809138127b9ac7e83f3cbf53ca7245abb in 
DEBUG: LC_ALL=C JX_LOG_LEVEL=error git clean -fd .
DEBUG: ran clean --force -d . in 
DEBUG: LC_ALL=C JX_LOG_LEVEL=error git merge 47f24e782c59ad6a8e6ffda202cc40f849dbdc01
DEBUG: ran git merge 47f24e782c59ad6a8e6ffda202cc40f849dbdc01 in 
DEBUG: JX_LOG_LEVEL=error LC_ALL=C git log --format=%H%x1f%an%x1f%ae%x1f%cn%x1f%ce%x1f%s%n%b%x1e 40a83b8809138127b9ac7e83f3cbf53ca7245abb..HEAD
Merged SHA 47f24e782c59ad6a8e6ffda202cc40f849dbdc01 with commit message 'chore(deps): bump https://github.com/jenkins-x/**l from 0.0.11 to 0.0.25' into base branch master
Merged SHA 0f1f086603496588fd43eb2b065ddce48dab91ca with commit message 'fix: update chart repo' into base branch master
Merged SHA 3efd29e7a6b3dec00f721611a5aa4dcd830e2057 with commit message 'chore(deps): bump https://github.com/jenkins-x/**l from 0.0.0-JR6 to 0.0.24' into base branch master
Merged SHA e14b0b731c41f9cb544105861261e4e77ad482c3 with commit message 'chore(deps): bump https://github.com/jenkins-x/**l from 0.0.1, 0.0.181 to 0.0.24' into base branch master
Merged SHA fdaacfbf56378c1e64161ba653a62c9713361ca4 with commit message 'chore(deps): bump https://github.com/jenkins-x/**l from 0.0.11 to 0.0.24' into base branch master

Showing logs for build [32mjenkins-x-jxr-versions-pr-5-gke-4qkfd-11[0m stage [32mci[0m and container [32mstep-runci[0m
+ JX_HOME=/tmp/**home
+ KUBECONFIG=/tmp/**home/config
+ export XDG_CONFIG_HOME=/tmp/**home
+ XDG_CONFIG_HOME=/tmp/**home
+ mkdir -p /tmp/**home/git
+ ** --version
2.0.1286-dev+df730d223
+ export GH_USERNAME=******************
+ GH_USERNAME=******************
+ export GH_EMAIL=jenkins-x@googlegroups.com
+ GH_EMAIL=jenkins-x@googlegroups.com
+ export GH_OWNER=cb-kubecd
+ GH_OWNER=cb-kubecd
+ export PROJECT_ID=jenkins-x-labs-bdd
+ PROJECT_ID=jenkins-x-labs-bdd
++ date +%a-%b-%d-%Y-%H-%M-%S
+ export CREATED_TIME=Sun-Apr-19-2020-07-07-29
+ CREATED_TIME=Sun-Apr-19-2020-07-07-29
+ export CLUSTER_NAME=pr-5-11-bdd-gke
+ CLUSTER_NAME=pr-5-11-bdd-gke
+ export ZONE=europe-west1-c
+ ZONE=europe-west1-c
+ export LABELS=branch=pr-5,cluster=bdd-gke,create-time=sun-apr-19-2020-07-07-29
+ LABELS=branch=pr-5,cluster=bdd-gke,create-time=sun-apr-19-2020-07-07-29
+ git config --global --add user.name JenkinsXBot
+ git config --global --add user.email jenkins-x@googlegroups.com
+ echo 'running the BDD test with JX_HOME = /tmp/**home'
+ echo https://******************:****************************************@github.com
+ echo 'creating cluster pr-5-11-bdd-gke in project jenkins-x-labs-bdd with labels branch=pr-5,cluster=bdd-gke,create-time=sun-apr-19-2020-07-07-29'
running the BDD test with JX_HOME = /tmp/**home
creating cluster pr-5-11-bdd-gke in project jenkins-x-labs-bdd with labels branch=pr-5,cluster=bdd-gke,create-time=sun-apr-19-2020-07-07-29
found cloud-resources version 0.0.23
++ grep 'version: ' /workspace/source/git/github.com/jenkins-x-labs/cloud-resources.yml
++ awk '{ print $2}'
+ export CLOUD_RESOURCES_VERSION=0.0.23
+ CLOUD_RESOURCES_VERSION=0.0.23
+ echo 'found cloud-resources version 0.0.23'
+ git clone -b v0.0.23 https://github.com/jenkins-x-labs/cloud-resources.git
Cloning into 'cloud-resources'...
Note: checking out '2a4c2a4307749c61ab70a256bb224487b0e04618'.

You are in 'detached HEAD' state. You can look around, make experimental
changes and commit them, and you can discard any commits you make in this
state without impacting any branches by performing another checkout.

If you want to create a new branch to retain commits you create, you may
do so (now or later) by using -b with the checkout command again. Example:

  git checkout -b <new-branch-name>

+ cloud-resources/gcloud/create_cluster.sh
creating a new cluster pr-5-11-bdd-gke in project jenkins-x-labs-bdd and region europe-west1-c
WARNING: Currently VPC-native is not the default mode during cluster creation. In the future, this will become the default mode and can be disabled using `--no-enable-ip-alias` flag. Use `--[no-]enable-ip-alias` flag to suppress this warning.
WARNING: Newly created clusters and node-pools will have node auto-upgrade enabled by default. This can be disabled using the `--no-enable-autoupgrade` flag.
WARNING: Starting with version 1.18, clusters will have shielded GKE nodes by default.
WARNING: Your Pod address range (`--cluster-ipv4-cidr`) can accommodate at most 1008 node(s). 
This will enable the autorepair feature for nodes. Please see https://cloud.google.com/kubernetes-engine/docs/node-auto-repair for more information on node autorepairs.
Creating cluster pr-5-11-bdd-gke in europe-west1-c...
.................................................................................................................................................................................................................................................................................................................................................................................................................................................................................................................................................................................................................................................................................................................................................................................done.
Created [https://container.googleapis.com/v1beta1/projects/jenkins-x-labs-bdd/zones/europe-west1-c/clusters/pr-5-11-bdd-gke].
To inspect the contents of your cluster, go to: https://console.cloud.google.com/kubernetes/workload_/gcloud/europe-west1-c/pr-5-11-bdd-gke?project=jenkins-x-labs-bdd
kubeconfig entry generated for pr-5-11-bdd-gke.
NAME             LOCATION        MASTER_VERSION  MASTER_IP       MACHINE_TYPE   NODE_VERSION    NUM_NODES  STATUS
pr-5-11-bdd-gke  europe-west1-c  1.14.10-gke.27  35.195.200.120  n1-standard-4  1.14.10-gke.27  2          RUNNING
setting up the cloud resources for ecluster pr-5-11-bdd-gke in project jenkins-x-labs-bdd
Updated property [core/project].
Created service account [pr-5-11-bdd-gke-ex].
Created service account [pr-5-11-bdd-gke-jb].
Created service account [pr-5-11-bdd-gke-sm].
Created service account [pr-5-11-bdd-gke-st].
Created service account [pr-5-11-bdd-gke-tk].
Created service account [pr-5-11-bdd-gke-vo].
Created service account [pr-5-11-bdd-gke-vt].
  % Total    % Received % Xferd  Average Speed   Time    Time     Time  Current
                                 Dload  Upload   Total   Spent    Left  Speed
  0     0    0     0    0     0      0      0 --:--:-- --:--:-- --:--:--     0  0     0    0     0    0     0      0      0 --:--:-- --:--:-- --:--:--     0100  1383  100  1383    0     0   3803      0 --:--:-- --:--:-- --:--:--  3799
unable to recognize "STDIN": Get https://35.195.200.120/apis?timeout=32s: dial tcp 35.195.200.120:443: connect: connection refused
unable to recognize "STDIN": Get https://35.195.200.120/api?timeout=32s: dial tcp 35.195.200.120:443: connect: connection refused
unable to recognize "STDIN": Get https://35.195.200.120/api?timeout=32s: dial tcp 35.195.200.120:443: connect: connection refused
unable to recognize "STDIN": Get https://35.195.200.120/api?timeout=32s: dial tcp 35.195.200.120:443: connect: connection refused
unable to recognize "STDIN": Get https://35.195.200.120/api?timeout=32s: dial tcp 35.195.200.120:443: connect: connection refused
unable to recognize "STDIN": Get https://35.195.200.120/api?timeout=32s: dial tcp 35.195.200.120:443: connect: connection refused
unable to recognize "STDIN": Get https://35.195.200.120/api?timeout=32s: dial tcp 35.195.200.120:443: connect: connection refused
[31m
Pipeline failed on stage 'ci' : container 'step-runci'. The execution of the pipeline has stopped.[0m
